<?xml version="1.0" encoding="UTF-8"?>
<testng-results ignored="0" total="4" passed="4" failed="0" skipped="0">
  <reporter-output>
    <line>
      <![CDATA[Java Selenium]]>
    </line>
    <line>
      <![CDATA[Hello selenium python]]>
    </line>
    <line>
      <![CDATA[Hello Jenkins]]>
    </line>
    <line>
      <![CDATA[Hello Java]]>
    </line>
  </reporter-output>
  <suite started-at="2022-07-26T16:29:35 IST" name="Suite" finished-at="2022-07-26T16:29:35 IST" duration-ms="132">
    <groups>
    </groups>
    <test started-at="2022-07-26T16:29:35 IST" name="Test" finished-at="2022-07-26T16:29:35 IST" duration-ms="132">
      <class name="scripts.Test1">
        <test-method signature="tc1()[pri:0, instance:scripts.Test1@3fb1549b]" started-at="2022-07-26T16:29:35 IST" name="tc1" finished-at="2022-07-26T16:29:35 IST" duration-ms="3" status="PASS">
          <reporter-output>
            <line>
              <![CDATA[Hello Jenkins]]>
            </line>
          </reporter-output>
        </test-method> <!-- tc1 -->
      </class> <!-- scripts.Test1 -->
      <class name="scripts.Test0">
        <test-method signature="tc0()[pri:0, instance:scripts.Test0@ea6147e]" started-at="2022-07-26T16:29:35 IST" name="tc0" finished-at="2022-07-26T16:29:35 IST" duration-ms="3" status="PASS">
          <reporter-output>
            <line>
              <![CDATA[Hello Java]]>
            </line>
          </reporter-output>
        </test-method> <!-- tc0 -->
      </class> <!-- scripts.Test0 -->
      <class name="scripts.Test3">
        <test-method signature="tc3()[pri:0, instance:scripts.Test3@20f5239f]" started-at="2022-07-26T16:29:35 IST" name="tc3" finished-at="2022-07-26T16:29:35 IST" duration-ms="20" status="PASS">
          <reporter-output>
            <line>
              <![CDATA[Java Selenium]]>
            </line>
          </reporter-output>
        </test-method> <!-- tc3 -->
      </class> <!-- scripts.Test3 -->
      <class name="scripts.Test2">
        <test-method signature="tc2()[pri:0, instance:scripts.Test2@10feca44]" started-at="2022-07-26T16:29:35 IST" name="tc2" finished-at="2022-07-26T16:29:35 IST" duration-ms="4" status="PASS">
          <reporter-output>
            <line>
              <![CDATA[Hello selenium python]]>
            </line>
          </reporter-output>
        </test-method> <!-- tc2 -->
      </class> <!-- scripts.Test2 -->
    </test> <!-- Test -->
  </suite> <!-- Suite -->
</testng-results>
